This is pdfTeX, Version 3.14159265-2.6-1.40.20 (MiKTeX 2.9.7250 64-bit) (preloaded format=pdflatex 2020.1.8)  12 JAN 2020 18:59
entering extended mode
**./Presentacion.tex
(Presentacion.tex
LaTeX2e <2019-10-01> patch level 3
("D:\Programas\MiKTeX 2.9\tex/latex/base\article.cls"
Document Class: article 2019/10/25 v1.4k Standard LaTeX document class
("D:\Programas\MiKTeX 2.9\tex/latex/base\size12.clo"
File: size12.clo 2019/10/25 v1.4k Standard LaTeX file (size option)
)
\c@part=\count80
\c@section=\count81
\c@subsection=\count82
\c@subsubsection=\count83
\c@paragraph=\count84
\c@subparagraph=\count85
\c@figure=\count86
\c@table=\count87
\abovecaptionskip=\skip41
\belowcaptionskip=\skip42
\bibindent=\dimen102
)
("D:\Programas\MiKTeX 2.9\tex/latex/base\fontenc.sty"
Package: fontenc 2018/08/11 v2.0j Standard LaTeX package

("D:\Programas\MiKTeX 2.9\tex/latex/base\t1enc.def"
File: t1enc.def 2018/08/11 v2.0j Standard LaTeX file
LaTeX Font Info:    Redeclaring font encoding T1 on input line 48.
))
("D:\Programas\MiKTeX 2.9\tex/latex/base\inputenc.sty"
Package: inputenc 2018/08/11 v1.3c Input encoding file
\inpenc@prehook=\toks14
\inpenc@posthook=\toks15
)
("D:\Programas\MiKTeX 2.9\tex/generic/babel\babel.sty"
Package: babel 2019/12/08 3.37 The Babel package

("D:\Programas\MiKTeX 2.9\tex/generic/babel\switch.def"
File: switch.def 2019/12/08 3.37 Babel switching mechanism
)
*************************************
* Local config file bblopts.cfg used
*
("D:\Programas\MiKTeX 2.9\tex/latex/arabi\bblopts.cfg"
File: bblopts.cfg 2005/09/08 v0.1 add Arabic and Farsi to "declared" options of
 babel
)
(C:\Users\Gabi\AppData\Roaming\MiKTeX\2.9\tex/latex/babel-spanish\spanish.ldf
Language: spanish.ldf 2016/03/03 v5.0p Spanish support from the babel system

("D:\Programas\MiKTeX 2.9\tex/generic/babel\babel.def"
File: babel.def 2019/12/08 3.37 Babel common definitions
\babel@savecnt=\count88
\U@D=\dimen103

("D:\Programas\MiKTeX 2.9\tex/generic/babel\txtbabel.def")
\bbl@dirlevel=\count89
)
\es@quottoks=\toks16
\es@quotdepth=\count90
Package babel Info: Making " an active character on input line 561.
Package babel Info: Making . an active character on input line 662.
Package babel Info: Making < an active character on input line 707.
Package babel Info: Making > an active character on input line 707.
))
("D:\Programas\MiKTeX 2.9\tex/latex/amsmath\amsmath.sty"
Package: amsmath 2019/11/16 v2.17d AMS math features
\@mathmargin=\skip43

For additional information on amsmath, use the `?' option.
("D:\Programas\MiKTeX 2.9\tex/latex/amsmath\amstext.sty"
Package: amstext 2000/06/29 v2.01 AMS text

("D:\Programas\MiKTeX 2.9\tex/latex/amsmath\amsgen.sty"
File: amsgen.sty 1999/11/30 v2.0 generic functions
\@emptytoks=\toks17
\ex@=\dimen104
))
("D:\Programas\MiKTeX 2.9\tex/latex/amsmath\amsbsy.sty"
Package: amsbsy 1999/11/29 v1.2d Bold Symbols
\pmbraise@=\dimen105
)
("D:\Programas\MiKTeX 2.9\tex/latex/amsmath\amsopn.sty"
Package: amsopn 2016/03/08 v2.02 operator names
)
\inf@bad=\count91
LaTeX Info: Redefining \frac on input line 227.
\uproot@=\count92
\leftroot@=\count93
LaTeX Info: Redefining \overline on input line 389.
\classnum@=\count94
\DOTSCASE@=\count95
LaTeX Info: Redefining \ldots on input line 486.
LaTeX Info: Redefining \dots on input line 489.
LaTeX Info: Redefining \cdots on input line 610.
\Mathstrutbox@=\box27
\strutbox@=\box28
\big@size=\dimen106
LaTeX Font Info:    Redeclaring font encoding OML on input line 733.
LaTeX Font Info:    Redeclaring font encoding OMS on input line 734.
\macc@depth=\count96
\c@MaxMatrixCols=\count97
\dotsspace@=\muskip10
\c@parentequation=\count98
\dspbrk@lvl=\count99
\tag@help=\toks18
\row@=\count100
\column@=\count101
\maxfields@=\count102
\andhelp@=\toks19
\eqnshift@=\dimen107
\alignsep@=\dimen108
\tagshift@=\dimen109
\tagwidth@=\dimen110
\totwidth@=\dimen111
\lineht@=\dimen112
\@envbody=\toks20
\multlinegap=\skip44
\multlinetaggap=\skip45
\mathdisplay@stack=\toks21
LaTeX Info: Redefining \[ on input line 2858.
LaTeX Info: Redefining \] on input line 2859.
)
("D:\Programas\MiKTeX 2.9\tex/latex/amsfonts\amssymb.sty"
Package: amssymb 2013/01/14 v3.01 AMS font symbols

("D:\Programas\MiKTeX 2.9\tex/latex/amsfonts\amsfonts.sty"
Package: amsfonts 2013/01/14 v3.01 Basic AMSFonts support
\symAMSa=\mathgroup4
\symAMSb=\mathgroup5
LaTeX Font Info:    Redeclaring math symbol \hbar on input line 98.
LaTeX Font Info:    Overwriting math alphabet `\mathfrak' in version `bold'
(Font)                  U/euf/m/n --> U/euf/b/n on input line 106.
))
("D:\Programas\MiKTeX 2.9\tex/latex/base\latexsym.sty"
Package: latexsym 1998/08/17 v2.2e Standard LaTeX package (lasy symbols)
\symlasy=\mathgroup6
LaTeX Font Info:    Overwriting symbol font `lasy' in version `bold'
(Font)                  U/lasy/m/n --> U/lasy/b/n on input line 52.
)
(C:\Users\Gabi\AppData\Roaming\MiKTeX\2.9\tex/latex/cancel\cancel.sty
Package: cancel 2013/04/12 v2.2 Cancel math terms
)
("D:\Programas\MiKTeX 2.9\tex/latex/graphics\graphicx.sty"
Package: graphicx 2017/06/01 v1.1a Enhanced LaTeX Graphics (DPC,SPQR)

("D:\Programas\MiKTeX 2.9\tex/latex/graphics\keyval.sty"
Package: keyval 2014/10/28 v1.15 key=value parser (DPC)
\KV@toks@=\toks22
)
("D:\Programas\MiKTeX 2.9\tex/latex/graphics\graphics.sty"
Package: graphics 2019/11/01 v1.3d Standard LaTeX Graphics (DPC,SPQR)

("D:\Programas\MiKTeX 2.9\tex/latex/graphics\trig.sty"
Package: trig 2016/01/03 v1.10 sin cos tan (DPC)
)
("D:\Programas\MiKTeX 2.9\tex/latex/graphics-cfg\graphics.cfg"
File: graphics.cfg 2016/06/04 v1.11 sample graphics configuration
)
Package graphics Info: Driver file: pdftex.def on input line 105.

("D:\Programas\MiKTeX 2.9\tex/latex/graphics-def\pdftex.def"
File: pdftex.def 2018/01/08 v1.0l Graphics/color driver for pdftex
))
\Gin@req@height=\dimen113
\Gin@req@width=\dimen114
)
("D:\Programas\MiKTeX 2.9\tex/latex/epstopdf-pkg\epstopdf.sty"
Package: epstopdf 2019-12-09 v2.10 Conversion with epstopdf on the fly (HO)

(C:\Users\Gabi\AppData\Roaming\MiKTeX\2.9\tex/generic/infwarerr\infwarerr.sty
Package: infwarerr 2019/12/03 v1.5 Providing info/warning/error messages (HO)
)
(C:\Users\Gabi\AppData\Roaming\MiKTeX\2.9\tex/latex/grfext\grfext.sty
Package: grfext 2019/12/03 v1.3 Manage graphics extensions (HO)

(C:\Users\Gabi\AppData\Roaming\MiKTeX\2.9\tex/generic/kvdefinekeys\kvdefinekeys
.sty
Package: kvdefinekeys 2019-12-19 v1.6 Define keys (HO)
))
(C:\Users\Gabi\AppData\Roaming\MiKTeX\2.9\tex/latex/kvoptions\kvoptions.sty
Package: kvoptions 2019/11/29 v3.13 Key value format for package options (HO)

(C:\Users\Gabi\AppData\Roaming\MiKTeX\2.9\tex/generic/ltxcmds\ltxcmds.sty
Package: ltxcmds 2019/12/15 v1.24 LaTeX kernel commands for general use (HO)
)
(C:\Users\Gabi\AppData\Roaming\MiKTeX\2.9\tex/generic/kvsetkeys\kvsetkeys.sty
Package: kvsetkeys 2019/12/15 v1.18 Key value parser (HO)
)) ("D:\Programas\MiKTeX 2.9\tex/latex/pdftexcmds\pdftexcmds.sty"
Package: pdftexcmds 2019/11/24 v0.31 Utility functions of pdfTeX for LuaTeX (HO
)

("D:\Programas\MiKTeX 2.9\tex/generic/iftex\iftex.sty"
Package: iftex 2019/11/07 v1.0c TeX engine tests
)
Package pdftexcmds Info: \pdf@primitive is available.
Package pdftexcmds Info: \pdf@ifprimitive is available.
Package pdftexcmds Info: \pdfdraftmode found.
)
("D:\Programas\MiKTeX 2.9\tex/latex/epstopdf-pkg\epstopdf-base.sty"
Package: epstopdf-base 2019-12-09 v2.10 Base part for package epstopdf
Package epstopdf-base Info: Redefining graphics rule for `.eps' on input line 4
85.
Package grfext Info: Graphics extension search list:
(grfext)             [.pdf,.png,.jpg,.mps,.jpeg,.jbig2,.jb2,.PDF,.PNG,.JPG,.JPE
G,.JBIG2,.JB2,.eps]
(grfext)             \AppendGraphicsExtensions on input line 504.
))
(C:\Users\Gabi\AppData\Roaming\MiKTeX\2.9\tex/latex/float\float.sty
Package: float 2001/11/08 v1.3d Float enhancements (AL)
\c@float@type=\count103
\float@exts=\toks23
\float@box=\box29
\@float@everytoks=\toks24
\@floatcapt=\box30
)
(C:\Users\Gabi\AppData\Roaming\MiKTeX\2.9\tex/latex/subfigure\subfigure.sty
Package: subfigure 2002/07/30 v2.1.4 subfigure package
\subfigtopskip=\skip46
\subfigcapskip=\skip47
\subfigcaptopadj=\dimen115
\subfigbottomskip=\skip48
\subfigcapmargin=\dimen116
\subfiglabelskip=\skip49
\c@subfigure=\count104
\c@lofdepth=\count105
\c@subtable=\count106
\c@lotdepth=\count107

****************************************
* Local config file subfigure.cfg used *
****************************************
(C:\Users\Gabi\AppData\Roaming\MiKTeX\2.9\tex/latex/subfigure\subfigure.cfg)
\subfig@top=\skip50
\subfig@bottom=\skip51
)
("D:\Programas\MiKTeX 2.9\tex/latex/tools\array.sty"
Package: array 2019/08/31 v2.4l Tabular extension package (FMi)
\col@sep=\dimen117
\ar@mcellbox=\box31
\extrarowheight=\dimen118
\NC@list=\toks25
\extratabsurround=\skip52
\backup@length=\skip53
\ar@cellbox=\box32
)
("D:\Programas\MiKTeX 2.9\tex/latex/tools\longtable.sty"
Package: longtable 2019/02/06 v4.12 Multi-page Table package (DPC)
\LTleft=\skip54
\LTright=\skip55
\LTpre=\skip56
\LTpost=\skip57
\LTchunksize=\count108
\LTcapwidth=\dimen119
\LT@head=\box33
\LT@firsthead=\box34
\LT@foot=\box35
\LT@lastfoot=\box36
\LT@cols=\count109
\LT@rows=\count110
\c@LT@tables=\count111
\c@LT@chunks=\count112
\LT@p@ftn=\toks26
)
("D:\Programas\MiKTeX 2.9\tex/latex/tools\bm.sty"
Package: bm 2019/07/24 v1.2d Bold Symbol Support (DPC/FMi)
\symboldoperators=\mathgroup7
\symboldletters=\mathgroup8
\symboldsymbols=\mathgroup9
\symboldlasy=\mathgroup10
LaTeX Font Info:    Redeclaring math alphabet \mathbf on input line 141.
LaTeX Info: Redefining \bm on input line 209.
)
(C:\Users\Gabi\AppData\Roaming\MiKTeX\2.9\tex/latex/geometry\geometry.sty
Package: geometry 2020/01/02 v5.9 Page Geometry

("D:\Programas\MiKTeX 2.9\tex/generic/iftex\ifvtex.sty"
Package: ifvtex 2019/10/25 v1.7 ifvtex legacy package. Use iftex instead.
)
\Gm@cnth=\count113
\Gm@cntv=\count114
\c@Gm@tempcnt=\count115
\Gm@bindingoffset=\dimen120
\Gm@wd@mp=\dimen121
\Gm@odd@mp=\dimen122
\Gm@even@mp=\dimen123
\Gm@layoutwidth=\dimen124
\Gm@layoutheight=\dimen125
\Gm@layouthoffset=\dimen126
\Gm@layoutvoffset=\dimen127
\Gm@dimlist=\toks27

(C:\Users\Gabi\AppData\Roaming\MiKTeX\2.9\tex/latex/geometry\geometry.cfg))
(C:\Users\Gabi\AppData\Roaming\MiKTeX\2.9\tex/latex/fancyhdr\fancyhdr.sty
Package: fancyhdr 2019/01/31 v3.10 Extensive control of page headers and footer
s
\f@nch@headwidth=\skip58
\f@nch@O@elh=\skip59
\f@nch@O@erh=\skip60
\f@nch@O@olh=\skip61
\f@nch@O@orh=\skip62
\f@nch@O@elf=\skip63
\f@nch@O@erf=\skip64
\f@nch@O@olf=\skip65
\f@nch@O@orf=\skip66
)
("D:\Programas\MiKTeX 2.9\tex/latex/tools\enumerate.sty"
Package: enumerate 2015/07/23 v3.00 enumerate extensions (DPC)
\@enLab=\toks28
)
(C:\Users\Gabi\AppData\Roaming\MiKTeX\2.9\tex/latex/listings\listings.sty
\lst@mode=\count116
\lst@gtempboxa=\box37
\lst@token=\toks29
\lst@length=\count117
\lst@currlwidth=\dimen128
\lst@column=\count118
\lst@pos=\count119
\lst@lostspace=\dimen129
\lst@width=\dimen130
\lst@newlines=\count120
\lst@lineno=\count121
\lst@maxwidth=\dimen131

(C:\Users\Gabi\AppData\Roaming\MiKTeX\2.9\tex/latex/listings\lstmisc.sty
File: lstmisc.sty 2019/09/10 1.8c (Carsten Heinz)
\c@lstnumber=\count122
\lst@skipnumbers=\count123
\lst@framebox=\box38
)
(C:\Users\Gabi\AppData\Roaming\MiKTeX\2.9\tex/latex/listings\listings.cfg
File: listings.cfg 2019/09/10 1.8c listings configuration
))
Package: listings 2019/09/10 1.8c (Carsten Heinz)

(C:\Users\Gabi\AppData\Roaming\MiKTeX\2.9\tex/latex/multirow\multirow.sty
Package: multirow 2019/05/31 v2.5 Span multiple rows of a table
\multirow@colwidth=\skip67
\multirow@cntb=\count124
\multirow@dima=\skip68
\bigstrutjot=\dimen132
)
(Presentacion.aux
LaTeX Info: Redefining \. on input line 7.
LaTeX Info: Redefining \% on input line 7.
)
\openout1 = `Presentacion.aux'.

LaTeX Font Info:    Checking defaults for OML/cmm/m/it on input line 40.
LaTeX Font Info:    ... okay on input line 40.
LaTeX Font Info:    Checking defaults for T1/cmr/m/n on input line 40.
LaTeX Font Info:    ... okay on input line 40.
LaTeX Font Info:    Checking defaults for OT1/cmr/m/n on input line 40.
LaTeX Font Info:    ... okay on input line 40.
LaTeX Font Info:    Checking defaults for OMS/cmsy/m/n on input line 40.
LaTeX Font Info:    ... okay on input line 40.
LaTeX Font Info:    Checking defaults for OMX/cmex/m/n on input line 40.
LaTeX Font Info:    ... okay on input line 40.
LaTeX Font Info:    Checking defaults for U/cmr/m/n on input line 40.
LaTeX Font Info:    ... okay on input line 40.
LaTeX Info: Redefining \. on input line 40.
LaTeX Info: Redefining \% on input line 40.
 ("D:\Programas\MiKTeX 2.9\tex/context/base/mkii\supp-pdf.mkii"
[Loading MPS to PDF converter (version 2006.09.02).]
\scratchcounter=\count125
\scratchdimen=\dimen133
\scratchbox=\box39
\nofMPsegments=\count126
\nofMParguments=\count127
\everyMPshowfont=\toks30
\MPscratchCnt=\count128
\MPscratchDim=\dimen134
\MPnumerator=\count129
\makeMPintoPDFobject=\count130
\everyMPtoPDFconversion=\toks31
)
*geometry* driver: auto-detecting
*geometry* detected driver: pdftex
*geometry* verbose mode - [ preamble ] result:
* driver: pdftex
* paper: <default>
* layout: <same size as paper>
* layoutoffset:(h,v)=(0.0pt,0.0pt)
* modes: 
* h-part:(L,W,R)=(56.9055pt, 500.484pt, 56.9055pt)
* v-part:(T,H,B)=(71.13188pt, 666.9326pt, 56.9055pt)
* \paperwidth=614.295pt
* \paperheight=794.96999pt
* \textwidth=500.484pt
* \textheight=666.9326pt
* \oddsidemargin=-15.36449pt
* \evensidemargin=-15.36449pt
* \topmargin=-38.1381pt
* \headheight=12.0pt
* \headsep=25.0pt
* \topskip=12.0pt
* \footskip=30.0pt
* \marginparwidth=44.0pt
* \marginparsep=10.0pt
* \columnsep=10.0pt
* \skip\footins=10.8pt plus 4.0pt minus 2.0pt
* \hoffset=0.0pt
* \voffset=0.0pt
* \mag=1000
* \@twocolumnfalse
* \@twosidefalse
* \@mparswitchfalse
* \@reversemarginfalse
* (1in=72.27pt=25.4mm, 1cm=28.453pt)

\c@lstlisting=\count131
LaTeX Font Info:    Trying to load font information for U+msa on input line 49.

("D:\Programas\MiKTeX 2.9\tex/latex/amsfonts\umsa.fd"
File: umsa.fd 2013/01/14 v3.01 AMS symbols A
)
LaTeX Font Info:    Trying to load font information for U+msb on input line 49.


("D:\Programas\MiKTeX 2.9\tex/latex/amsfonts\umsb.fd"
File: umsb.fd 2013/01/14 v3.01 AMS symbols B
)
LaTeX Font Info:    Trying to load font information for U+lasy on input line 49
.

("D:\Programas\MiKTeX 2.9\tex/latex/base\ulasy.fd"
File: ulasy.fd 1998/08/17 v2.2e LaTeX symbol font definitions
)
<src/institucion/Logo_fcal-1174x247.png, id=1, 1178.4025pt x 247.92625pt>
File: src/institucion/Logo_fcal-1174x247.png Graphic file (type png)
<use src/institucion/Logo_fcal-1174x247.png>
Package pdftex.def Info: src/institucion/Logo_fcal-1174x247.png  used on input 
line 54.
(pdftex.def)             Requested size: 412.44705pt x 86.77548pt.
 [1

{C:/Users/Gabi/AppData/Local/MiKTeX/2.9/pdftex/config/pdftex.map} <./src/instit
ucion/Logo_fcal-1174x247.png>] (Presentacion.toc
LaTeX Info: Redefining \. on input line 1.
LaTeX Info: Redefining \% on input line 1.
LaTeX Font Info:    Font shape `U/lasy/b/n' in size <8> not available
(Font)              Font shape `U/lasy/m/n' tried instead on input line 3.
LaTeX Font Info:    Font shape `U/lasy/b/n' in size <6> not available
(Font)              Font shape `U/lasy/m/n' tried instead on input line 3.
)
\tf@toc=\write3
\openout3 = `Presentacion.toc'.

 [1]
<src/images/Induccion.png, id=16, 144.7809pt x 61.4295pt>
File: src/images/Induccion.png Graphic file (type png)
<use src/images/Induccion.png>
Package pdftex.def Info: src/images/Induccion.png  used on input line 86.
(pdftex.def)             Requested size: 275.08212pt x 116.71536pt.
<src/images/Calentador_por_induccion.png, id=17, 959.585pt x 571.13374pt>
File: src/images/Calentador_por_induccion.png Graphic file (type png)
<use src/images/Calentador_por_induccion.png>
Package pdftex.def Info: src/images/Calentador_por_induccion.png  used on input
 line 98.
(pdftex.def)             Requested size: 259.09142pt x 154.20818pt.
<src/images/Cocina.jpg, id=18, 481.8pt x 361.35pt>
File: src/images/Cocina.jpg Graphic file (type jpg)
<use src/images/Cocina.jpg>
Package pdftex.def Info: src/images/Cocina.jpg  used on input line 108.
(pdftex.def)             Requested size: 313.16628pt x 234.87471pt.
<src/institucion/Logo_uner-434x331.png, id=19, 435.6275pt x 332.24126pt>
File: src/institucion/Logo_uner-434x331.png Graphic file (type png)
<use src/institucion/Logo_uner-434x331.png>
Package pdftex.def Info: src/institucion/Logo_uner-434x331.png  used on input l
ine 111.
(pdftex.def)             Requested size: 26.13652pt x 19.93361pt.


Package Fancyhdr Warning: \headheight is too small (12.0pt): 
Make it at least 24.28365pt.
We now make it that large for the rest of the document.
This may cause the page layout to be inconsistent, however.

[1 <./src/institucion/Logo_uner-434x331.png> <./src/images/Induccion.png> <./sr
c/images/Calentador_por_induccion.png>]
<src/images/Calentador_de_juntas.jpg, id=27, 301.125pt x 301.125pt>
File: src/images/Calentador_de_juntas.jpg Graphic file (type jpg)
<use src/images/Calentador_de_juntas.jpg>
Package pdftex.def Info: src/images/Calentador_de_juntas.jpg  used on input lin
e 117.
(pdftex.def)             Requested size: 225.84319pt x 225.84319pt.
<src/images/Solenoide.jpg, id=28, 313.17pt x 216.3282pt>
File: src/images/Solenoide.jpg Graphic file (type jpg)
<use src/images/Solenoide.jpg>
Package pdftex.def Info: src/images/Solenoide.jpg  used on input line 131.
(pdftex.def)             Requested size: 203.55807pt x 140.61165pt.
File: src/institucion/Logo_uner-434x331.png Graphic file (type png)
<use src/institucion/Logo_uner-434x331.png>
Package pdftex.def Info: src/institucion/Logo_uner-434x331.png  used on input l
ine 134.
(pdftex.def)             Requested size: 26.13652pt x 19.93361pt.
 [2 <./src/images/Cocina.jpg> <./src/images/Calentador_de_juntas.jpg>]
<src/images/Pancake.png, id=32, 963.6pt x 542.025pt>
File: src/images/Pancake.png Graphic file (type png)
<use src/images/Pancake.png>
Package pdftex.def Info: src/images/Pancake.png  used on input line 138.
(pdftex.def)             Requested size: 289.08223pt x 162.60875pt.
<src/images/Transformador.png, id=33, 401.5pt x 301.125pt>
File: src/images/Transformador.png Graphic file (type png)
<use src/images/Transformador.png>
Package pdftex.def Info: src/images/Transformador.png  used on input line 150.
(pdftex.def)             Requested size: 301.12425pt x 225.84319pt.
File: src/institucion/Logo_uner-434x331.png Graphic file (type png)
<use src/institucion/Logo_uner-434x331.png>
Package pdftex.def Info: src/institucion/Logo_uner-434x331.png  used on input l
ine 154.
(pdftex.def)             Requested size: 26.13652pt x 19.93361pt.
 [3 <./src/images/Solenoide.jpg> <./src/images/Pancake.png>]
Underfull \hbox (badness 10000) in paragraph at lines 160--161

 []

File: src/institucion/Logo_uner-434x331.png Graphic file (type png)
<use src/institucion/Logo_uner-434x331.png>
Package pdftex.def Info: src/institucion/Logo_uner-434x331.png  used on input l
ine 177.
(pdftex.def)             Requested size: 26.13652pt x 19.93361pt.
[4 <./src/images/Transformador.png>]
Underfull \hbox (badness 10000) in paragraph at lines 179--180

 []

<src/images/Oscilador.png, id=41, 673.91776pt x 465.53925pt>
File: src/images/Oscilador.png Graphic file (type png)
<use src/images/Oscilador.png>
Package pdftex.def Info: src/images/Oscilador.png  used on input line 185.
(pdftex.def)             Requested size: 505.43707pt x 349.15356pt.

Overfull \hbox (4.95308pt too wide) in paragraph at lines 185--186
 [][] 
 []

<src/images/Onda_larga.png, id=42, 1445.4pt x 704.6325pt>
File: src/images/Onda_larga.png Graphic file (type png)
<use src/images/Onda_larga.png>
Package pdftex.def Info: src/images/Onda_larga.png  used on input line 194.
(pdftex.def)             Requested size: 433.62335pt x 211.39139pt.
File: src/institucion/Logo_uner-434x331.png Graphic file (type png)
<use src/institucion/Logo_uner-434x331.png>
Package pdftex.def Info: src/institucion/Logo_uner-434x331.png  used on input l
ine 197.
(pdftex.def)             Requested size: 26.13652pt x 19.93361pt.
[5 <./src/images/Oscilador.png>]
<src/images/Onda_corta.png, id=48, 1445.4pt x 704.6325pt>
File: src/images/Onda_corta.png Graphic file (type png)
<use src/images/Onda_corta.png>
Package pdftex.def Info: src/images/Onda_corta.png  used on input line 201.
(pdftex.def)             Requested size: 433.62335pt x 211.39139pt.
<src/images/Onda_muy_corta.png, id=49, 1445.4pt x 704.6325pt>
File: src/images/Onda_muy_corta.png Graphic file (type png)
<use src/images/Onda_muy_corta.png>
Package pdftex.def Info: src/images/Onda_muy_corta.png  used on input line 208.

(pdftex.def)             Requested size: 433.62335pt x 211.39139pt.
File: src/institucion/Logo_uner-434x331.png Graphic file (type png)
<use src/institucion/Logo_uner-434x331.png>
Package pdftex.def Info: src/institucion/Logo_uner-434x331.png  used on input l
ine 212.
(pdftex.def)             Requested size: 26.13652pt x 19.93361pt.
 [6 <./src/images/Onda_larga.png (PNG copy)> <./src/images/Onda_corta.png (PNG 
copy)>]
File: src/institucion/Logo_uner-434x331.png Graphic file (type png)
<use src/institucion/Logo_uner-434x331.png>
Package pdftex.def Info: src/institucion/Logo_uner-434x331.png  used on input l
ine 214.
(pdftex.def)             Requested size: 26.13652pt x 19.93361pt.
 [7 <./src/images/Onda_muy_corta.png (PNG copy)>]
File: src/institucion/Logo_uner-434x331.png Graphic file (type png)
<use src/institucion/Logo_uner-434x331.png>
Package pdftex.def Info: src/institucion/Logo_uner-434x331.png  used on input l
ine 220.
(pdftex.def)             Requested size: 26.13652pt x 19.93361pt.
 [8] (Presentacion.aux
LaTeX Info: Redefining \. on input line 7.
LaTeX Info: Redefining \% on input line 7.
) ) 
Here is how much of TeX's memory you used:
 6498 strings out of 492483
 87856 string characters out of 3132190
 169479 words of memory out of 3000000
 10692 multiletter control sequences out of 15000+200000
 25686 words of font info for 86 fonts, out of 3000000 for 9000
 1141 hyphenation exceptions out of 8191
 30i,15n,45p,418b,384s stack positions out of 5000i,500n,10000p,200000b,50000s
 <C:\Users\Gabi\AppData\Local\MiKTeX\2.9\fonts/pk/ljfour/jknappen/ec/dpi600\
ecbx1440.pk> <C:\Users\Gabi\AppData\Local\MiKTeX\2.9\fonts/pk/ljfour/jknappen/e
c/dpi600\ecbx1728.pk> <C:\Users\Gabi\AppData\Local\MiKTeX\2.9\fonts/pk/ljfour/j
knappen/ec/dpi600\ecrm1200.pk> <C:\Users\Gabi\AppData\Local\MiKTeX\2.9\fonts/pk
/ljfour/jknappen/ec/dpi600\ecbx1200.pk> <C:\Users\Gabi\AppData\Local\MiKTeX\2.9
\fonts/pk/ljfour/jknappen/ec/dpi600\ecbx2488.pk><D:/Programas/MiKTeX 2.9/fonts/
type1/public/amsfonts/cm/cmsy10.pfb>
Output written on Presentacion.pdf (10 pages, 2091570 bytes).
PDF statistics:
 266 PDF objects out of 1000 (max. 8388607)
 0 named destinations out of 1000 (max. 500000)
 66 words of extra memory for PDF output out of 10000 (max. 10000000)

